<?xml version="1.0" encoding="UTF-8"?>
<testsuite xmlns:xsi="http://www.w3.org/2001/XMLSchema-instance" xsi:noNamespaceSchemaLocation="https://maven.apache.org/surefire/maven-surefire-plugin/xsd/surefire-test-report-3.0.xsd" version="3.0" name="TestSuite" time="14.035" tests="2" errors="0" skipped="0" failures="0">
  <properties>
[...]
</properties>
  <testcase name="verify_account_registration" classname="testCases.TC_001_AccountRegistrationTest" time="3.254">
    <system-out><![CDATA[2025-09-25 22:33:58 INFO  TC_001_AccountRegistrationTest:15 - ***** Starting TC001_AccountRegistrationTest  ****
2025-09-25 22:33:58 DEBUG TC_001_AccountRegistrationTest:16 - This is a debug log message
2025-09-25 22:33:58 INFO  TC_001_AccountRegistrationTest:21 - Clicked on MyAccount Link.. 
2025-09-25 22:33:59 INFO  TC_001_AccountRegistrationTest:24 - Clicked on Register Link.. 
2025-09-25 22:33:59 INFO  TC_001_AccountRegistrationTest:28 - Providing customer details...
2025-09-25 22:34:00 INFO  TC_001_AccountRegistrationTest:42 - Validating expected message..
2025-09-25 22:34:01 INFO  TC_001_AccountRegistrationTest:58 - Test passed
2025-09-25 22:34:01 INFO  TC_001_AccountRegistrationTest:66 - ***** Finished TC001_AccountRegistrationTest *****
]]></system-out>
    <system-err><![CDATA[SLF4J(W): No SLF4J providers were found.
SLF4J(W): Defaulting to no-operation (NOP) logger implementation
SLF4J(W): See https://www.slf4j.org/codes.html#noProviders for further details.
2025-09-25T20:33:55.452155800Z main INFO Starting configuration XmlConfiguration[location=C:\Users\abisw\OneDrive\Arpita\SeleniumEclipseProjects\OpencartV121\target\test-classes\log4j2.xml, lastModified=2025-09-10T15:53:55.283Z]...
2025-09-25T20:33:55.453103300Z main INFO Configuration XmlConfiguration[location=C:\Users\abisw\OneDrive\Arpita\SeleniumEclipseProjects\OpencartV121\target\test-classes\log4j2.xml, lastModified=2025-09-10T15:53:55.283Z] started.
2025-09-25T20:33:55.455049400Z main INFO Stopping configuration org.apache.logging.log4j.core.config.DefaultConfiguration@57ea113a...
2025-09-25T20:33:55.455049400Z main INFO Configuration org.apache.logging.log4j.core.config.DefaultConfiguration@57ea113a stopped.
Sept 25, 2025 10:33:57 PM org.openqa.selenium.devtools.CdpVersionFinder findNearestMatch
WARNING: Unable to find CDP implementation matching 140
Sept 25, 2025 10:33:57 PM org.openqa.selenium.chromium.ChromiumDriver lambda$new$5
WARNING: Unable to find version of CDP to use for 140.0.7339.81. You may need to include a dependency on a specific version of the CDP using something similar to `org.seleniumhq.selenium:selenium-devtools-v86:4.20.0` where the version ("v86") matches the version of the chromium-based browser you're using and the version number of the artifact is the same as Selenium's.
]]></system-err>
  </testcase>
  <testcase name="verify_login" classname="testCases.TC_002_LoginTest" time="1.771">
    <system-out><![CDATA[2025-09-25 22:34:04 INFO  TC_002_LoginTest:17 - **** Starting TC_002_LoginTest  ****
2025-09-25 22:34:04 DEBUG TC_002_LoginTest:18 - capturing application debug logs....
2025-09-25 22:34:04 INFO  TC_002_LoginTest:24 - clicked on myaccount link on the home page..
2025-09-25 22:34:04 INFO  TC_002_LoginTest:26 - clicked on login link under myaccount..
2025-09-25 22:34:04 INFO  TC_002_LoginTest:30 - Entering valid email and password..
2025-09-25 22:34:05 INFO  TC_002_LoginTest:34 - clicked on ligin button..
2025-09-25 22:34:05 INFO  TC_002_LoginTest:48 - **** Finished TC_002_LoginTest  ****
]]></system-out>
    <system-err><![CDATA[Sept 25, 2025 10:34:01 PM org.openqa.selenium.remote.http.WebSocket$Listener onError
WARNING: Connection reset
java.net.SocketException: Connection reset
	at java.base/sun.nio.ch.SocketChannelImpl.throwConnectionReset(SocketChannelImpl.java:401)
	at java.base/sun.nio.ch.SocketChannelImpl.read(SocketChannelImpl.java:434)
	at java.net.http/jdk.internal.net.http.SocketTube.readAvailable(SocketTube.java:1178)
	at java.net.http/jdk.internal.net.http.SocketTube$InternalReadPublisher$InternalReadSubscription.read(SocketTube.java:841)
	at java.net.http/jdk.internal.net.http.SocketTube$SocketFlowTask.run(SocketTube.java:181)
	at java.net.http/jdk.internal.net.http.common.SequentialScheduler$SchedulableTask.run(SequentialScheduler.java:207)
	at java.net.http/jdk.internal.net.http.common.SequentialScheduler.runOrSchedule(SequentialScheduler.java:280)
	at java.net.http/jdk.internal.net.http.common.SequentialScheduler.runOrSchedule(SequentialScheduler.java:233)
	at java.net.http/jdk.internal.net.http.SocketTube$InternalReadPublisher$InternalReadSubscription.signalReadable(SocketTube.java:782)
	at java.net.http/jdk.internal.net.http.SocketTube$InternalReadPublisher$ReadEvent.signalEvent(SocketTube.java:965)
	at java.net.http/jdk.internal.net.http.SocketTube$SocketFlowEvent.handle(SocketTube.java:253)
	at java.net.http/jdk.internal.net.http.HttpClientImpl$SelectorManager.handleEvent(HttpClientImpl.java:1477)
	at java.net.http/jdk.internal.net.http.HttpClientImpl$SelectorManager.lambda$run$3(HttpClientImpl.java:1422)
	at java.base/java.util.ArrayList.forEach(ArrayList.java:1596)
	at java.net.http/jdk.internal.net.http.HttpClientImpl$SelectorManager.run(HttpClientImpl.java:1422)

Sept 25, 2025 10:34:03 PM org.openqa.selenium.devtools.CdpVersionFinder findNearestMatch
WARNING: Unable to find CDP implementation matching 140
Sept 25, 2025 10:34:03 PM org.openqa.selenium.chromium.ChromiumDriver lambda$new$5
WARNING: Unable to find version of CDP to use for 140.0.7339.81. You may need to include a dependency on a specific version of the CDP using something similar to `org.seleniumhq.selenium:selenium-devtools-v86:4.20.0` where the version ("v86") matches the version of the chromium-based browser you're using and the version number of the artifact is the same as Selenium's.
]]></system-err>
  </testcase>
</testsuite>